Compilación iniciada a las 15/03/2015 05:29:27 p.m..
     1>Proyecto "C:\Users\mariano\Documents\CompGeom\zihao\myproj\myproj.vcxproj" en el nodo 2 (Build destinos).
     1>ClCompile:
         C:\Program Files (x86)\Microsoft Visual Studio 12.0\VC\bin\CL.exe /c /ZI /nologo /W3 /WX- /Od /Oy- /D WIN32 /D _DEBUG /D _CONSOLE /D _UNICODE /D UNICODE /Gm /EHsc /RTC1 /MDd /GS /fp:precise /Zc:wchar_t /Zc:forScope /Yu"stdafx.h" /Fp"Debug\myproj.pch" /Fo"Debug\\" /Fd"Debug\vc120.pdb" /Gd /TP /analyze- /errorReport:prompt main.cpp
         main.cpp
     1>c:\users\mariano\documents\compgeom\zihao\myproj\myobject3d.h(115): warning C4244: '=' : conversión de 'double' a 'float'; posible pérdida de datos
     1>c:\users\mariano\documents\compgeom\zihao\myproj\myobject3d.h(116): warning C4244: '=' : conversión de 'double' a 'float'; posible pérdida de datos
     1>c:\users\mariano\documents\compgeom\zihao\myproj\myobject3d.h(117): warning C4244: '=' : conversión de 'double' a 'float'; posible pérdida de datos
     1>c:\users\mariano\documents\compgeom\zihao\myproj\myobject3d.h(151): warning C4244: 'argumento' : conversión de 'double' a 'float'; posible pérdida de datos
     1>c:\users\mariano\documents\compgeom\zihao\myproj\myobject3d.h(153): warning C4244: 'argumento' : conversión de 'double' a 'float'; posible pérdida de datos
     1>c:\users\mariano\documents\compgeom\zihao\myproj\myobject3d.h(167): warning C4305: 'inicializando' : truncamiento de 'double' a 'float'
     1>c:\users\mariano\documents\compgeom\zihao\myproj\myobject3d.h(177): warning C4244: 'argumento' : conversión de 'double' a 'float'; posible pérdida de datos
     1>c:\users\mariano\documents\compgeom\zihao\myproj\myobject3d.h(181): warning C4244: 'argumento' : conversión de 'double' a 'float'; posible pérdida de datos
     1>c:\users\mariano\documents\compgeom\zihao\myproj\myobject3d.h(183): warning C4244: 'argumento' : conversión de 'double' a 'float'; posible pérdida de datos
     1>c:\users\mariano\documents\compgeom\zihao\myproj\myobject3d.h(194): warning C4018: '<' : no coinciden signed/unsigned
     1>c:\users\mariano\documents\compgeom\zihao\myproj\myobject3d.h(238): warning C4101: 'k' : variable local sin referencia
     1>c:\users\mariano\documents\compgeom\zihao\myproj\main.cpp(30): warning C4305: 'inicializando' : truncamiento de 'double' a 'float'
     1>c:\users\mariano\documents\compgeom\zihao\myproj\main.cpp(297): warning C4305: 'argumento' : truncamiento de 'double' a 'GLclampf'
         GLM: perspective function taking degrees as a parameter is deprecated. #define GLM_FORCE_RADIANS before including GLM headers to remove this message.
         GLM: rotate function taking degrees as a parameter is deprecated. #define GLM_FORCE_RADIANS before including GLM headers to remove this message.
       Link:
         C:\Program Files (x86)\Microsoft Visual Studio 12.0\VC\bin\link.exe /ERRORREPORT:PROMPT /OUT:"C:\Users\mariano\Documents\CompGeom\zihao\Debug\myproj.exe" /INCREMENTAL /NOLOGO freeglut.lib glu32.lib opengl32.lib glew32.lib kernel32.lib user32.lib gdi32.lib winspool.lib comdlg32.lib advapi32.lib shell32.lib ole32.lib oleaut32.lib uuid.lib odbc32.lib odbccp32.lib /MANIFEST /MANIFESTUAC:"level='asInvoker' uiAccess='false'" /manifest:embed /DEBUG /PDB:"C:\Users\mariano\Documents\CompGeom\zihao\Debug\myproj.pdb" /SUBSYSTEM:CONSOLE /TLBID:1 /DYNAMICBASE /NXCOMPAT /IMPLIB:"C:\Users\mariano\Documents\CompGeom\zihao\Debug\myproj.lib" /MACHINE:X86 Debug\main.obj
         Debug\myproj.obj
         Debug\myTexture.obj
         Debug\point3d.obj
         Debug\shaders.obj
         Debug\stdafx.obj
         Debug\vector3d.obj
     1>LINK : warning LNK4067: punto de entrada ambiguo; se seleccion¾ 'mainCRTStartup'
         myproj.vcxproj -> C:\Users\mariano\Documents\CompGeom\zihao\Debug\myproj.exe
     1>Compilación del proyecto terminada "C:\Users\mariano\Documents\CompGeom\zihao\myproj\myproj.vcxproj" (Build destinos).

Compilación correcta.

Tiempo transcurrido 00:00:02.26
