生成启动时间为 2015/11/20 2:11:48。
     1>项目“C:\Users\zihaowang\OneDrive\study\3semester\OpenGL\myproj\myproj.vcxproj”在节点 2 上(Build 个目标)。
     1>ClCompile:
         C:\Program Files (x86)\Microsoft Visual Studio 12.0\VC\bin\CL.exe /c /ZI /nologo /W3 /WX- /Od /Oy- /D WIN32 /D _DEBUG /D _CONSOLE /D _UNICODE /D UNICODE /Gm /EHsc /RTC1 /MDd /GS /fp:precise /Zc:wchar_t /Zc:forScope /Yu"stdafx.h" /Fp"Debug\myproj.pch" /Fo"Debug\\" /Fd"Debug\vc120.pdb" /Gd /TP /analyze- /errorReport:prompt main.cpp
         main.cpp
     1>c:\users\zihaowang\onedrive\study\3semester\opengl\myproj\myobject3d.h(117): warning C4244: “=”: 从“double”转换到“float”，可能丢失数据
     1>c:\users\zihaowang\onedrive\study\3semester\opengl\myproj\myobject3d.h(118): warning C4244: “=”: 从“double”转换到“float”，可能丢失数据
     1>c:\users\zihaowang\onedrive\study\3semester\opengl\myproj\myobject3d.h(119): warning C4244: “=”: 从“double”转换到“float”，可能丢失数据
     1>c:\users\zihaowang\onedrive\study\3semester\opengl\myproj\myobject3d.h(147): warning C4244: “参数”: 从“double”转换到“float”，可能丢失数据
     1>c:\users\zihaowang\onedrive\study\3semester\opengl\myproj\myobject3d.h(149): warning C4244: “参数”: 从“double”转换到“float”，可能丢失数据
     1>c:\users\zihaowang\onedrive\study\3semester\opengl\myproj\myobject3d.h(169): warning C4244: “参数”: 从“double”转换到“float”，可能丢失数据
     1>c:\users\zihaowang\onedrive\study\3semester\opengl\myproj\myobject3d.h(171): warning C4244: “参数”: 从“double”转换到“float”，可能丢失数据
     1>c:\users\zihaowang\onedrive\study\3semester\opengl\myproj\myobject3d.h(174): warning C4244: “参数”: 从“double”转换到“float”，可能丢失数据
     1>c:\users\zihaowang\onedrive\study\3semester\opengl\myproj\myobject3d.h(176): warning C4244: “参数”: 从“double”转换到“float”，可能丢失数据
     1>c:\users\zihaowang\onedrive\study\3semester\opengl\myproj\myobject3d.h(183): warning C4018: “<”: 有符号/无符号不匹配
     1>c:\users\zihaowang\onedrive\study\3semester\opengl\myproj\myobject3d.h(209): warning C4101: “z”: 未引用的局部变量
     1>c:\users\zihaowang\onedrive\study\3semester\opengl\myproj\myobject3d.h(226): warning C4101: “k”: 未引用的局部变量
     1>c:\users\zihaowang\onedrive\study\3semester\opengl\myproj\myobject3d.h(328): warning C4244: “-=”: 从“double”转换到“float”，可能丢失数据
     1>c:\users\zihaowang\onedrive\study\3semester\opengl\myproj\myobject3d.h(329): warning C4244: “-=”: 从“double”转换到“float”，可能丢失数据
     1>c:\users\zihaowang\onedrive\study\3semester\opengl\myproj\myobject3d.h(330): warning C4244: “-=”: 从“double”转换到“float”，可能丢失数据
     1>c:\users\zihaowang\onedrive\study\3semester\opengl\myproj\myobject3d.h(332): warning C4244: “/=”: 从“double”转换到“float”，可能丢失数据
     1>c:\users\zihaowang\onedrive\study\3semester\opengl\myproj\myobject3d.h(333): warning C4244: “/=”: 从“double”转换到“float”，可能丢失数据
     1>c:\users\zihaowang\onedrive\study\3semester\opengl\myproj\myobject3d.h(334): warning C4244: “/=”: 从“double”转换到“float”，可能丢失数据
     1>c:\users\zihaowang\onedrive\study\3semester\opengl\myproj\main.cpp(36): warning C4305: “初始化”: 从“double”到“float”截断
     1>c:\users\zihaowang\onedrive\study\3semester\opengl\myproj\main.cpp(291): warning C4305: “参数”: 从“double”到“GLclampf”截断
     1>c:\users\zihaowang\onedrive\study\3semester\opengl\myproj\main.cpp(301): warning C4129: “C”: 不可识别的字符转义序列
     1>c:\users\zihaowang\onedrive\study\3semester\opengl\myproj\main.cpp(348): warning C4996: 'strncpy': This function or variable may be unsafe. Consider using strncpy_s instead. To disable deprecation, use _CRT_SECURE_NO_WARNINGS. See online help for details.
                 c:\program files (x86)\microsoft visual studio 12.0\vc\include\string.h(195) : 参见“strncpy”的声明
     1>c:\users\zihaowang\onedrive\study\3semester\opengl\myproj\main.cpp(351): warning C4554: “&”: 检查运算符优先级可能存在的错误；使用圆括号阐明优先级
     1>c:\users\zihaowang\onedrive\study\3semester\opengl\myproj\main.cpp(361): warning C4554: “&”: 检查运算符优先级可能存在的错误；使用圆括号阐明优先级
     1>c:\users\zihaowang\onedrive\study\3semester\opengl\myproj\main.cpp(374): warning C4244: “=”: 从“double”转换到“float”，可能丢失数据
     1>c:\users\zihaowang\onedrive\study\3semester\opengl\myproj\main.cpp(375): warning C4244: “=”: 从“double”转换到“float”，可能丢失数据
     1>c:\users\zihaowang\onedrive\study\3semester\opengl\myproj\main.cpp(404): warning C4018: “<”: 有符号/无符号不匹配
     1>c:\users\zihaowang\onedrive\study\3semester\opengl\myproj\main.cpp(416): warning C4200: 使用了非标准扩展 : 结构/联合中的零大小数组
                 当 UDT 包含大小为零的数组时，无法生成复制构造函数或副本赋值运算符
     1>c:\users\zihaowang\onedrive\study\3semester\opengl\myproj\main.cpp(498): warning C4244: “初始化”: 从“double”转换到“float”，可能丢失数据
     1>c:\users\zihaowang\onedrive\study\3semester\opengl\myproj\main.cpp(499): warning C4244: “初始化”: 从“double”转换到“float”，可能丢失数据
         GLM: perspective function taking degrees as a parameter is deprecated. #define GLM_FORCE_RADIANS before including GLM headers to remove this message.
         GLM: rotate function taking degrees as a parameter is deprecated. #define GLM_FORCE_RADIANS before including GLM headers to remove this message.
       Link:
         C:\Program Files (x86)\Microsoft Visual Studio 12.0\VC\bin\link.exe /ERRORREPORT:PROMPT /OUT:"C:\Users\zihaowang\OneDrive\study\3semester\OpenGL\myproj\Debug\myproj.exe" /INCREMENTAL /NOLOGO freeglut.lib glu32.lib opengl32.lib glew32.lib kernel32.lib user32.lib gdi32.lib winspool.lib comdlg32.lib advapi32.lib shell32.lib ole32.lib oleaut32.lib uuid.lib odbc32.lib odbccp32.lib /MANIFEST /MANIFESTUAC:"level='asInvoker' uiAccess='false'" /manifest:embed /DEBUG /PDB:"C:\Users\zihaowang\OneDrive\study\3semester\OpenGL\myproj\Debug\myproj.pdb" /SUBSYSTEM:CONSOLE /TLBID:1 /DYNAMICBASE /NXCOMPAT /IMPLIB:"C:\Users\zihaowang\OneDrive\study\3semester\OpenGL\myproj\Debug\myproj.lib" /MACHINE:X86 Debug\main.obj
         Debug\myproj.obj
         Debug\myTexture.obj
         Debug\point3d.obj
         Debug\Serial.obj
         Debug\shaders.obj
         Debug\stdafx.obj
         Debug\vector3d.obj
         myproj.vcxproj -> C:\Users\zihaowang\OneDrive\study\3semester\OpenGL\myproj\Debug\myproj.exe
     1>已完成生成项目“C:\Users\zihaowang\OneDrive\study\3semester\OpenGL\myproj\myproj.vcxproj”(Build 个目标)的操作。

生成成功。

已用时间 00:00:03.01
