生成启动时间为 2015/10/2 19:13:30。
     1>项目“A:\TP4\zihao\myproj\myproj.vcxproj”在节点 2 上(Build 个目标)。
     1>ClCompile:
         C:\Program Files (x86)\Microsoft Visual Studio 12.0\VC\bin\CL.exe /c /Zi /nologo /W3 /WX- /O2 /Oi /Oy- /GL /D WIN32 /D NDEBUG /D _CONSOLE /D _UNICODE /D UNICODE /Gm- /EHsc /MD /GS /Gy /fp:precise /Zc:wchar_t /Zc:forScope /Yu"stdafx.h" /Fp"Release\myproj.pch" /Fo"Release\\" /Fd"Release\vc120.pdb" /Gd /TP /analyze- /errorReport:prompt main.cpp
         main.cpp
     1>a:\tp4\zihao\myproj\myObject3D.h(117): warning C4244: “=”: 从“double”转换到“float”，可能丢失数据
     1>a:\tp4\zihao\myproj\myObject3D.h(118): warning C4244: “=”: 从“double”转换到“float”，可能丢失数据
     1>a:\tp4\zihao\myproj\myObject3D.h(119): warning C4244: “=”: 从“double”转换到“float”，可能丢失数据
     1>a:\tp4\zihao\myproj\myObject3D.h(147): warning C4244: “参数”: 从“double”转换到“float”，可能丢失数据
     1>a:\tp4\zihao\myproj\myObject3D.h(149): warning C4244: “参数”: 从“double”转换到“float”，可能丢失数据
     1>a:\tp4\zihao\myproj\myObject3D.h(169): warning C4244: “参数”: 从“double”转换到“float”，可能丢失数据
     1>a:\tp4\zihao\myproj\myObject3D.h(171): warning C4244: “参数”: 从“double”转换到“float”，可能丢失数据
     1>a:\tp4\zihao\myproj\myObject3D.h(174): warning C4244: “参数”: 从“double”转换到“float”，可能丢失数据
     1>a:\tp4\zihao\myproj\myObject3D.h(176): warning C4244: “参数”: 从“double”转换到“float”，可能丢失数据
     1>a:\tp4\zihao\myproj\myObject3D.h(183): warning C4018: “<”: 有符号/无符号不匹配
     1>a:\tp4\zihao\myproj\myObject3D.h(209): warning C4101: “z”: 未引用的局部变量
     1>a:\tp4\zihao\myproj\myObject3D.h(226): warning C4101: “k”: 未引用的局部变量
     1>a:\tp4\zihao\myproj\myObject3D.h(328): warning C4244: “-=”: 从“double”转换到“float”，可能丢失数据
     1>a:\tp4\zihao\myproj\myObject3D.h(329): warning C4244: “-=”: 从“double”转换到“float”，可能丢失数据
     1>a:\tp4\zihao\myproj\myObject3D.h(330): warning C4244: “-=”: 从“double”转换到“float”，可能丢失数据
     1>a:\tp4\zihao\myproj\myObject3D.h(332): warning C4244: “/=”: 从“double”转换到“float”，可能丢失数据
     1>a:\tp4\zihao\myproj\myObject3D.h(333): warning C4244: “/=”: 从“double”转换到“float”，可能丢失数据
     1>a:\tp4\zihao\myproj\myObject3D.h(334): warning C4244: “/=”: 从“double”转换到“float”，可能丢失数据
     1>main.cpp(36): warning C4305: “初始化”: 从“double”到“float”截断
     1>main.cpp(285): warning C4305: “参数”: 从“double”到“GLclampf”截断
     1>main.cpp(295): warning C4129: “C”: 不可识别的字符转义序列
     1>main.cpp(331): warning C4200: 使用了非标准扩展 : 结构/联合中的零大小数组
                 当 UDT 包含大小为零的数组时，无法生成复制构造函数或副本赋值运算符
         GLM: perspective function taking degrees as a parameter is deprecated. #define GLM_FORCE_RADIANS before including GLM headers to remove this message.
         GLM: rotate function taking degrees as a parameter is deprecated. #define GLM_FORCE_RADIANS before including GLM headers to remove this message.
       Link:
         C:\Program Files (x86)\Microsoft Visual Studio 12.0\VC\bin\link.exe /ERRORREPORT:PROMPT /OUT:"A:\TP4\zihao\Release\myproj.exe" /INCREMENTAL:NO /NOLOGO freeglut.lib glu32.lib opengl32.lib glew32.lib kernel32.lib user32.lib gdi32.lib winspool.lib comdlg32.lib advapi32.lib shell32.lib ole32.lib oleaut32.lib uuid.lib odbc32.lib odbccp32.lib kernel32.lib user32.lib gdi32.lib winspool.lib comdlg32.lib advapi32.lib shell32.lib ole32.lib oleaut32.lib uuid.lib odbc32.lib odbccp32.lib /MANIFEST /MANIFESTUAC:"level='asInvoker' uiAccess='false'" /manifest:embed /DEBUG /PDB:"A:\TP4\zihao\Release\myproj.pdb" /SUBSYSTEM:CONSOLE /OPT:REF /OPT:ICF /LTCG /TLBID:1 /DYNAMICBASE /NXCOMPAT /IMPLIB:"A:\TP4\zihao\Release\myproj.lib" /MACHINE:X86 /SAFESEH Release\main.obj
         Release\myproj.obj
         Release\myTexture.obj
         Release\point3d.obj
         Release\Serial.obj
         Release\shaders.obj
         Release\stdafx.obj
         Release\vector3d.obj
     1>LINK : warning LNK4067: 不明确的入口点；选定“mainCRTStartup”
         正在生成代码
     1>a:\tp4\zihao\myproj\mytexture.cpp(67): warning C4715: “myTexture::readTexture”: 不是所有的控件路径都返回值
         已完成代码的生成
         myproj.vcxproj -> A:\TP4\zihao\Release\myproj.exe
     1>已完成生成项目“A:\TP4\zihao\myproj\myproj.vcxproj”(Build 个目标)的操作。

生成成功。

已用时间 00:00:02.17
