c:\users\nabil\dropbox\esiee - in5i11\mycode\tp3\myproj\release\myproj.pch
c:\users\nabil\dropbox\esiee - in5i11\mycode\tp3\myproj\release\stdafx.obj
c:\users\nabil\dropbox\esiee - in5i11\mycode\tp3\myproj\release\vc100.pdb
c:\users\nabil\dropbox\esiee - in5i11\mycode\tp3\myproj\release\vector3d.obj
c:\users\nabil\dropbox\esiee - in5i11\mycode\tp3\myproj\release\shaders.obj
c:\users\nabil\dropbox\esiee - in5i11\mycode\tp3\myproj\release\point3d.obj
c:\users\nabil\dropbox\esiee - in5i11\mycode\tp3\myproj\release\myproj.obj
c:\users\nabil\dropbox\esiee - in5i11\mycode\tp3\myproj\release\main.obj
c:\users\nabil\dropbox\esiee - in5i11\mycode\tp4\myproj\release\myproj.pch
c:\users\nabil\dropbox\esiee - in5i11\mycode\tp4\myproj\release\stdafx.obj
c:\users\nabil\dropbox\esiee - in5i11\mycode\tp4\myproj\release\vc100.pdb
c:\users\nabil\dropbox\esiee - in5i11\mycode\tp4\myproj\release\vector3d.obj
c:\users\nabil\dropbox\esiee - in5i11\mycode\tp4\myproj\release\shaders.obj
c:\users\nabil\dropbox\esiee - in5i11\mycode\tp4\myproj\release\point3d.obj
c:\users\nabil\dropbox\esiee - in5i11\mycode\tp4\myproj\release\myproj.obj
c:\users\nabil\dropbox\esiee - in5i11\mycode\tp4\myproj\release\main.obj
c:\users\nabil\dropbox\esiee - in5i11\mycode\tp4-(reading scenes, texture, shading)\myproj\release\myproj.pch
c:\users\nabil\dropbox\esiee - in5i11\mycode\tp4-(reading scenes, texture, shading)\myproj\release\stdafx.obj
c:\users\nabil\dropbox\esiee - in5i11\mycode\tp4-(reading scenes, texture, shading)\myproj\release\vc100.pdb
c:\users\nabil\dropbox\esiee - in5i11\mycode\tp4-(reading scenes, texture, shading)\myproj\release\vector3d.obj
c:\users\nabil\dropbox\esiee - in5i11\mycode\tp4-(reading scenes, texture, shading)\myproj\release\shaders.obj
c:\users\nabil\dropbox\esiee - in5i11\mycode\tp4-(reading scenes, texture, shading)\myproj\release\point3d.obj
c:\users\nabil\dropbox\esiee - in5i11\mycode\tp4-(reading scenes, texture, shading)\myproj\release\myproj.obj
c:\users\nabil\dropbox\esiee - in5i11\mycode\tp4-(reading scenes, texture, shading)\myproj\release\main.obj
c:\users\nabil\dropbox\esiee - in5i11\lecture 1\sample code\myproj\release\myproj.pch
c:\users\nabil\dropbox\esiee - in5i11\lecture 1\sample code\myproj\release\stdafx.obj
c:\users\nabil\dropbox\esiee - in5i11\lecture 1\sample code\myproj\release\vc100.pdb
c:\users\nabil\dropbox\esiee - in5i11\lecture 1\sample code\myproj\release\vector3d.obj
c:\users\nabil\dropbox\esiee - in5i11\lecture 1\sample code\myproj\release\shaders.obj
c:\users\nabil\dropbox\esiee - in5i11\lecture 1\sample code\myproj\release\point3d.obj
c:\users\nabil\dropbox\esiee - in5i11\lecture 1\sample code\myproj\release\myproj.obj
c:\users\nabil\dropbox\esiee - in5i11\lecture 1\sample code\myproj\release\main.obj
c:\users\nabil\dropbox\esiee - in5i11\lecture 2\sample code\myproj\release\myproj.pch
c:\users\nabil\dropbox\esiee - in5i11\lecture 2\sample code\myproj\release\stdafx.obj
c:\users\nabil\dropbox\esiee - in5i11\lecture 2\sample code\myproj\release\vc100.pdb
c:\users\nabil\dropbox\esiee - in5i11\lecture 2\sample code\myproj\release\vector3d.obj
c:\users\nabil\dropbox\esiee - in5i11\lecture 2\sample code\myproj\release\shaders.obj
c:\users\nabil\dropbox\esiee - in5i11\lecture 2\sample code\myproj\release\point3d.obj
c:\users\nabil\dropbox\esiee - in5i11\lecture 2\sample code\myproj\release\myproj.obj
c:\users\nabil\dropbox\esiee - in5i11\lecture 2\sample code\myproj\release\main.obj
c:\users\nabil\dropbox\esiee - in5i11\tp1\startingcode\myproj\release\myproj.pch
c:\users\nabil\dropbox\esiee - in5i11\tp1\startingcode\myproj\release\stdafx.obj
c:\users\nabil\dropbox\esiee - in5i11\tp1\startingcode\myproj\release\vc100.pdb
c:\users\nabil\dropbox\esiee - in5i11\tp1\startingcode\myproj\release\vector3d.obj
c:\users\nabil\dropbox\esiee - in5i11\tp1\startingcode\myproj\release\shaders.obj
c:\users\nabil\dropbox\esiee - in5i11\tp1\startingcode\myproj\release\point3d.obj
c:\users\nabil\dropbox\esiee - in5i11\tp1\startingcode\myproj\release\myproj.obj
c:\users\nabil\dropbox\esiee - in5i11\tp1\startingcode\myproj\release\main.obj
c:\users\nabil\dropbox\esiee - in5i11\mycode\tp3\release\myproj.exe
c:\users\nabil\dropbox\esiee - in5i11\mycode\tp3\myproj\release\myproj.exe.intermediate.manifest
c:\users\nabil\dropbox\esiee - in5i11\mycode\tp3\release\myproj.pdb
c:\users\nabil\dropbox\esiee - in5i11\mycode\tp4\release\myproj.exe
c:\users\nabil\dropbox\esiee - in5i11\mycode\tp4\myproj\release\myproj.exe.intermediate.manifest
c:\users\nabil\dropbox\esiee - in5i11\mycode\tp4\release\myproj.pdb
c:\users\nabil\dropbox\esiee - in5i11\mycode\tp4-(reading scenes, texture, shading)\release\myproj.exe
c:\users\nabil\dropbox\esiee - in5i11\mycode\tp4-(reading scenes, texture, shading)\myproj\release\myproj.exe.intermediate.manifest
c:\users\nabil\dropbox\esiee - in5i11\mycode\tp4-(reading scenes, texture, shading)\release\myproj.pdb
c:\users\nabil\dropbox\esiee - in5i11\lecture 1\sample code\release\myproj.exe
c:\users\nabil\dropbox\esiee - in5i11\lecture 1\sample code\myproj\release\myproj.exe.intermediate.manifest
c:\users\nabil\dropbox\esiee - in5i11\lecture 1\sample code\release\myproj.pdb
c:\users\nabil\dropbox\esiee - in5i11\lecture 2\sample code\release\myproj.exe
c:\users\nabil\dropbox\esiee - in5i11\lecture 2\sample code\myproj\release\myproj.exe.intermediate.manifest
c:\users\nabil\dropbox\esiee - in5i11\lecture 2\sample code\release\myproj.pdb
c:\users\nabil\dropbox\esiee - in5i11\tp1\startingcode\release\myproj.exe
c:\users\nabil\dropbox\esiee - in5i11\tp1\startingcode\myproj\release\myproj.exe.intermediate.manifest
c:\users\nabil\dropbox\esiee - in5i11\tp1\startingcode\release\myproj.pdb
a:\tp4\zihao\myproj\release\myproj.vcxprojresolveassemblyreference.cache
a:\tp4\zihao\myproj\release\main.obj
a:\tp4\zihao\myproj\release\myproj.obj
a:\tp4\zihao\myproj\release\point3d.obj
a:\tp4\zihao\myproj\release\shaders.obj
a:\tp4\zihao\myproj\release\stdafx.obj
a:\tp4\zihao\myproj\release\vector3d.obj
a:\tp4\zihao\myproj\release\cl.command.1.tlog
a:\tp4\zihao\myproj\release\cl.read.1.tlog
a:\tp4\zihao\myproj\release\cl.write.1.tlog
a:\tp4\zihao\myproj\release\link.command.1.tlog
a:\tp4\zihao\myproj\release\link.read.1.tlog
a:\tp4\zihao\myproj\release\link.write.1.tlog
a:\tp4\zihao\myproj\release\mt.command.1.tlog
a:\tp4\zihao\myproj\release\mt.read.1.tlog
a:\tp4\zihao\myproj\release\mt.write.1.tlog
a:\tp4\zihao\myproj\release\myproj.write.1.tlog
a:\tp4\zihao\myproj\release\myproj.exe.intermediate.manifest
a:\tp4\zihao\myproj\release\myproj.pch
a:\tp4\zihao\myproj\release\vc100.pdb
a:\tp4\zihao\release\myproj.pdb
a:\tp4\zihao\release\myproj.exe
